<?xml version="1.0" encoding="UTF-8"?>
<!-- Generated by org.testng.reporters.JUnitXMLReporter -->
<testsuite hostname="DESKTOP-UQE6UTF" ignored="0" name="hub spot regression Test" tests="8" failures="0" timestamp="16 May 2019 09:06:06 GMT" time="182.705" errors="0">
  <testcase name="verifyContactsLinkTest" time="5.494" classname="com.qa.hubspot.tests.HomePageTest"/>
  <testcase name="verifyHomePageHeaderTest" time="6.232" classname="com.qa.hubspot.tests.HomePageTest"/>
  <testcase name="verifyHomeTitle" time="3.586" classname="com.qa.hubspot.tests.HomePageTest"/>
  <testcase name="createNewContactTest" time="8.306" classname="com.qa.hubspot.tests.ContactsPageTest"/>
  <testcase name="createNewContactTest" time="7.939" classname="com.qa.hubspot.tests.ContactsPageTest"/>
  <testcase name="createNewContactTest" time="6.079" classname="com.qa.hubspot.tests.ContactsPageTest"/>
  <testcase name="createNewContactTest" time="8.747" classname="com.qa.hubspot.tests.ContactsPageTest"/>
  <testcase name="createNewContactTest" time="4.191" classname="com.qa.hubspot.tests.ContactsPageTest"/>
</testsuite> <!-- hub spot regression Test -->
